/*C20*/SET SCHEMA PUBLIC
DELETE FROM COURSE WHERE COURSE_ID=7
INSERT INTO COURSE VALUES(7,4,NULL,'bhbhfdsf2',NULL)
COMMIT
DELETE FROM COURSE WHERE COURSE_ID=7
INSERT INTO COURSE VALUES(7,4,NULL,'bhbhfdsf3',NULL)
COMMIT
INSERT INTO COURSE VALUES(8,NULL,NULL,'...',NULL)
COMMIT
DELETE FROM COURSE WHERE COURSE_ID=6
COMMIT
DELETE FROM TEACHER WHERE TEACHER_ID=5
INSERT INTO TEACHER VALUES(5,NULL,NULL,'bhbh3')
COMMIT
DELETE FROM TEACHER WHERE TEACHER_ID=5
INSERT INTO TEACHER VALUES(5,NULL,NULL,'bhbh4')
COMMIT
DELETE FROM TEACHER WHERE TEACHER_ID=5
INSERT INTO TEACHER VALUES(5,NULL,NULL,'bhbh5')
COMMIT
INSERT INTO TEACHER VALUES(6,NULL,NULL,'...')
COMMIT
DELETE FROM TEACHER WHERE TEACHER_ID=6
INSERT INTO TEACHER VALUES(6,NULL,NULL,'cdcacac6')
COMMIT
/*C21*/SET SCHEMA PUBLIC
DELETE FROM COURSE WHERE COURSE_ID=8
COMMIT
/*C19*/SET SCHEMA PUBLIC
DELETE FROM TEACHER WHERE TEACHER_ID=6
INSERT INTO TEACHER VALUES(6,NULL,NULL,'cd6')
COMMIT
/*C23*/SET SCHEMA PUBLIC
DELETE FROM TEACHER WHERE TEACHER_ID=6
INSERT INTO TEACHER VALUES(6,NULL,NULL,'cd66')
COMMIT
/*C24*/SET SCHEMA PUBLIC
DELETE FROM TEACHER WHERE TEACHER_ID=6
INSERT INTO TEACHER VALUES(6,NULL,NULL,'cd66')
COMMIT
DELETE FROM TEACHER WHERE TEACHER_ID=6
INSERT INTO TEACHER VALUES(6,NULL,NULL,'cd6')
COMMIT
DELETE FROM TEACHER WHERE TEACHER_ID=5
INSERT INTO TEACHER VALUES(5,NULL,NULL,'bh5')
COMMIT
DELETE FROM TEACHER WHERE TEACHER_ID=6
INSERT INTO TEACHER VALUES(6,NULL,NULL,'cd6')
COMMIT
DELETE FROM TEACHER WHERE TEACHER_ID=5
COMMIT
DELETE FROM TEACHER WHERE TEACHER_ID=6
COMMIT
INSERT INTO COURSE VALUES(8,NULL,NULL,'...',NULL)
COMMIT
DELETE FROM COURSE WHERE COURSE_ID=7
COMMIT
DELETE FROM COURSE WHERE COURSE_ID=8
COMMIT
/*C19*/DISCONNECT
